  [1m[36m (118.0ms)[0m  [1mCREATE TABLE "schema_migrations" ("version" varchar NOT NULL) [0m
  [1m[35m (0.1ms)[0m  select sqlite_version(*)
  [1m[36m (124.3ms)[0m  [1mCREATE UNIQUE INDEX "unique_schema_migrations" ON "schema_migrations" ("version")[0m
  [1m[35mActiveRecord::SchemaMigration Load (0.1ms)[0m  SELECT "schema_migrations".* FROM "schema_migrations"
Migrating to CreateUsers (20160422061822)
  [1m[36m (0.1ms)[0m  [1mbegin transaction[0m
  [1m[35m (0.5ms)[0m  CREATE TABLE "users" ("id" INTEGER PRIMARY KEY AUTOINCREMENT NOT NULL, "email" varchar, "password" varchar, "auth_token" varchar, "created_at" datetime NOT NULL, "updated_at" datetime NOT NULL) 
  [1m[36mSQL (0.3ms)[0m  [1mINSERT INTO "schema_migrations" ("version") VALUES (?)[0m  [["version", "20160422061822"]]
  [1m[35m (105.0ms)[0m  commit transaction
Migrating to CreatePosts (20160422061823)
  [1m[36m (0.2ms)[0m  [1mbegin transaction[0m
  [1m[35m (0.4ms)[0m  CREATE TABLE "posts" ("id" INTEGER PRIMARY KEY AUTOINCREMENT NOT NULL, "title" varchar, "body" text, "user_id" integer, "created_at" datetime NOT NULL, "updated_at" datetime NOT NULL) 
  [1m[36m (0.3ms)[0m  [1mCREATE  INDEX "index_posts_on_user_id" ON "posts" ("user_id")[0m
  [1m[35mSQL (0.2ms)[0m  INSERT INTO "schema_migrations" ("version") VALUES (?)  [["version", "20160422061823"]]
  [1m[36m (96.0ms)[0m  [1mcommit transaction[0m
Migrating to CreateComments (20160422061853)
  [1m[35m (0.1ms)[0m  begin transaction
  [1m[36m (0.4ms)[0m  [1mCREATE TABLE "comments" ("id" INTEGER PRIMARY KEY AUTOINCREMENT NOT NULL, "body" text, "user_id" integer, "post_id" integer, "created_at" datetime NOT NULL, "updated_at" datetime NOT NULL) [0m
  [1m[35m (0.3ms)[0m  CREATE  INDEX "index_comments_on_user_id" ON "comments" ("user_id")
  [1m[36m (0.1ms)[0m  [1m            SELECT sql
            FROM sqlite_master
            WHERE name='index_comments_on_user_id' AND type='index'
            UNION ALL
            SELECT sql
            FROM sqlite_temp_master
            WHERE name='index_comments_on_user_id' AND type='index'
[0m
  [1m[35m (0.2ms)[0m  CREATE  INDEX "index_comments_on_post_id" ON "comments" ("post_id")
  [1m[36mSQL (0.1ms)[0m  [1mINSERT INTO "schema_migrations" ("version") VALUES (?)[0m  [["version", "20160422061853"]]
  [1m[35m (111.6ms)[0m  commit transaction
  [1m[36mActiveRecord::SchemaMigration Load (0.1ms)[0m  [1mSELECT "schema_migrations".* FROM "schema_migrations"[0m
  [1m[35m (0.2ms)[0m              SELECT sql
            FROM sqlite_master
            WHERE name='index_comments_on_post_id' AND type='index'
            UNION ALL
            SELECT sql
            FROM sqlite_temp_master
            WHERE name='index_comments_on_post_id' AND type='index'

  [1m[36m (0.2ms)[0m  [1m            SELECT sql
            FROM sqlite_master
            WHERE name='index_comments_on_user_id' AND type='index'
            UNION ALL
            SELECT sql
            FROM sqlite_temp_master
            WHERE name='index_comments_on_user_id' AND type='index'
[0m
  [1m[35m (0.2ms)[0m              SELECT sql
            FROM sqlite_master
            WHERE name='index_posts_on_user_id' AND type='index'
            UNION ALL
            SELECT sql
            FROM sqlite_temp_master
            WHERE name='index_posts_on_user_id' AND type='index'

  [1m[36mActiveRecord::SchemaMigration Load (0.1ms)[0m  [1mSELECT "schema_migrations".* FROM "schema_migrations"[0m
  [1m[35m (0.1ms)[0m  begin transaction
  [1m[36mSQL (0.2ms)[0m  [1mINSERT INTO "users" ("email", "password", "created_at", "updated_at") VALUES (?, ?, ?, ?)[0m  [["email", "user@example.com"], ["password", "password"], ["created_at", "2016-04-22 06:20:07.426754"], ["updated_at", "2016-04-22 06:20:07.426754"]]
  [1m[35m (108.6ms)[0m  commit transaction
  [1m[36m (0.1ms)[0m  [1mbegin transaction[0m
  [1m[35mSQL (0.3ms)[0m  INSERT INTO "users" ("email", "password", "created_at", "updated_at") VALUES (?, ?, ?, ?)  [["email", "user2@example.com"], ["password", "password"], ["created_at", "2016-04-22 06:20:07.538831"], ["updated_at", "2016-04-22 06:20:07.538831"]]
  [1m[36m (122.7ms)[0m  [1mcommit transaction[0m
  [1m[36mPost Load (1.7ms)[0m  [1mSELECT "posts".* FROM "posts"[0m
  [1m[35mUser Load (0.2ms)[0m  SELECT "users".* FROM "users"
  [1m[36mUser Load (0.3ms)[0m  [1mSELECT  "users".* FROM "users"  ORDER BY "users"."id" ASC LIMIT 1[0m
  [1m[35mUser Load (0.2ms)[0m  SELECT  "users".* FROM "users"  ORDER BY "users"."id" ASC LIMIT 1
  [1m[36mUser Load (0.3ms)[0m  [1mSELECT  "users".* FROM "users"  ORDER BY "users"."id" ASC LIMIT 1[0m
  [1m[35mPost Load (0.3ms)[0m  SELECT "posts".* FROM "posts" WHERE "posts"."user_id" = ?  [["user_id", 1]]
  [1m[36mUser Load (0.3ms)[0m  [1mSELECT  "users".* FROM "users"  ORDER BY "users"."id" ASC LIMIT 1[0m
  [1m[35mUser Load (0.2ms)[0m  SELECT  "users".* FROM "users"  ORDER BY "users"."id" ASC LIMIT 1
  [1m[36m (293.5ms)[0m  [1mCREATE TABLE "schema_migrations" ("version" varchar NOT NULL) [0m
  [1m[35m (0.2ms)[0m  select sqlite_version(*)
  [1m[36m (141.2ms)[0m  [1mCREATE UNIQUE INDEX "unique_schema_migrations" ON "schema_migrations" ("version")[0m
  [1m[35mActiveRecord::SchemaMigration Load (0.1ms)[0m  SELECT "schema_migrations".* FROM "schema_migrations"
Migrating to CreateUsers (20160422061822)
  [1m[36m (0.1ms)[0m  [1mbegin transaction[0m
  [1m[35m (0.5ms)[0m  CREATE TABLE "users" ("id" INTEGER PRIMARY KEY AUTOINCREMENT NOT NULL, "email" varchar, "password" varchar, "auth_token" varchar, "created_at" datetime NOT NULL, "updated_at" datetime NOT NULL) 
  [1m[36mSQL (0.2ms)[0m  [1mINSERT INTO "schema_migrations" ("version") VALUES (?)[0m  [["version", "20160422061822"]]
  [1m[35m (125.2ms)[0m  commit transaction
Migrating to CreatePosts (20160422061823)
  [1m[36m (0.1ms)[0m  [1mbegin transaction[0m
  [1m[35m (0.4ms)[0m  CREATE TABLE "posts" ("id" INTEGER PRIMARY KEY AUTOINCREMENT NOT NULL, "title" varchar, "body" text, "user_id" integer, "created_at" datetime NOT NULL, "updated_at" datetime NOT NULL) 
  [1m[36m (0.2ms)[0m  [1mCREATE  INDEX "index_posts_on_user_id" ON "posts" ("user_id")[0m
  [1m[35mSQL (0.2ms)[0m  INSERT INTO "schema_migrations" ("version") VALUES (?)  [["version", "20160422061823"]]
  [1m[36m (121.3ms)[0m  [1mcommit transaction[0m
Migrating to CreateComments (20160422061853)
  [1m[35m (0.1ms)[0m  begin transaction
  [1m[36m (0.4ms)[0m  [1mCREATE TABLE "comments" ("id" INTEGER PRIMARY KEY AUTOINCREMENT NOT NULL, "body" text, "user_id" integer, "post_id" integer, "created_at" datetime NOT NULL, "updated_at" datetime NOT NULL) [0m
  [1m[35m (0.3ms)[0m  CREATE  INDEX "index_comments_on_user_id" ON "comments" ("user_id")
  [1m[36m (0.1ms)[0m  [1m            SELECT sql
            FROM sqlite_master
            WHERE name='index_comments_on_user_id' AND type='index'
            UNION ALL
            SELECT sql
            FROM sqlite_temp_master
            WHERE name='index_comments_on_user_id' AND type='index'
[0m
  [1m[35m (0.2ms)[0m  CREATE  INDEX "index_comments_on_post_id" ON "comments" ("post_id")
  [1m[36mSQL (0.1ms)[0m  [1mINSERT INTO "schema_migrations" ("version") VALUES (?)[0m  [["version", "20160422061853"]]
  [1m[35m (95.9ms)[0m  commit transaction
  [1m[36mActiveRecord::SchemaMigration Load (0.1ms)[0m  [1mSELECT "schema_migrations".* FROM "schema_migrations"[0m
  [1m[35m (0.2ms)[0m              SELECT sql
            FROM sqlite_master
            WHERE name='index_comments_on_post_id' AND type='index'
            UNION ALL
            SELECT sql
            FROM sqlite_temp_master
            WHERE name='index_comments_on_post_id' AND type='index'

  [1m[36m (0.1ms)[0m  [1m            SELECT sql
            FROM sqlite_master
            WHERE name='index_comments_on_user_id' AND type='index'
            UNION ALL
            SELECT sql
            FROM sqlite_temp_master
            WHERE name='index_comments_on_user_id' AND type='index'
[0m
  [1m[35m (0.1ms)[0m              SELECT sql
            FROM sqlite_master
            WHERE name='index_posts_on_user_id' AND type='index'
            UNION ALL
            SELECT sql
            FROM sqlite_temp_master
            WHERE name='index_posts_on_user_id' AND type='index'

  [1m[36mActiveRecord::SchemaMigration Load (0.1ms)[0m  [1mSELECT "schema_migrations".* FROM "schema_migrations"[0m
  [1m[35m (0.1ms)[0m  begin transaction
  [1m[36mSQL (0.3ms)[0m  [1mINSERT INTO "users" ("email", "password", "created_at", "updated_at") VALUES (?, ?, ?, ?)[0m  [["email", "user@example.com"], ["password", "password"], ["created_at", "2016-04-22 06:37:25.372244"], ["updated_at", "2016-04-22 06:37:25.372244"]]
  [1m[35m (99.0ms)[0m  commit transaction
  [1m[36m (0.1ms)[0m  [1mbegin transaction[0m
  [1m[35mSQL (0.3ms)[0m  INSERT INTO "users" ("email", "password", "created_at", "updated_at") VALUES (?, ?, ?, ?)  [["email", "user2@example.com"], ["password", "password"], ["created_at", "2016-04-22 06:37:25.474957"], ["updated_at", "2016-04-22 06:37:25.474957"]]
  [1m[36m (114.3ms)[0m  [1mcommit transaction[0m
  [1m[35m (0.1ms)[0m  begin transaction
  [1m[36mSQL (0.4ms)[0m  [1mINSERT INTO "posts" ("title", "body", "user_id", "created_at", "updated_at") VALUES (?, ?, ?, ?, ?)[0m  [["title", "First Post"], ["body", "An Airplane"], ["user_id", 1], ["created_at", "2016-04-22 06:37:25.616076"], ["updated_at", "2016-04-22 06:37:25.616076"]]
  [1m[35m (98.2ms)[0m  commit transaction
  [1m[36m (0.1ms)[0m  [1mbegin transaction[0m
  [1m[35mSQL (0.3ms)[0m  INSERT INTO "posts" ("title", "body", "user_id", "created_at", "updated_at") VALUES (?, ?, ?, ?, ?)  [["title", "Second Post"], ["body", "A Train"], ["user_id", 1], ["created_at", "2016-04-22 06:37:25.725712"], ["updated_at", "2016-04-22 06:37:25.725712"]]
  [1m[36m (97.6ms)[0m  [1mcommit transaction[0m
  [1m[35m (0.1ms)[0m  begin transaction
  [1m[36mSQL (0.4ms)[0m  [1mINSERT INTO "posts" ("title", "body", "user_id", "created_at", "updated_at") VALUES (?, ?, ?, ?, ?)[0m  [["title", "Third Post"], ["body", "A Truck"], ["user_id", 2], ["created_at", "2016-04-22 06:37:25.827293"], ["updated_at", "2016-04-22 06:37:25.827293"]]
  [1m[35m (129.5ms)[0m  commit transaction
  [1m[36m (0.1ms)[0m  [1mbegin transaction[0m
  [1m[35mSQL (0.4ms)[0m  INSERT INTO "posts" ("title", "body", "user_id", "created_at", "updated_at") VALUES (?, ?, ?, ?, ?)  [["title", "Fourth Post"], ["body", "A Boat"], ["user_id", 2], ["created_at", "2016-04-22 06:37:25.960851"], ["updated_at", "2016-04-22 06:37:25.960851"]]
  [1m[36m (121.5ms)[0m  [1mcommit transaction[0m
  [1m[36m (119.2ms)[0m  [1mCREATE TABLE "schema_migrations" ("version" varchar NOT NULL) [0m
  [1m[35m (0.1ms)[0m  select sqlite_version(*)
  [1m[36m (99.3ms)[0m  [1mCREATE UNIQUE INDEX "unique_schema_migrations" ON "schema_migrations" ("version")[0m
  [1m[35mActiveRecord::SchemaMigration Load (0.1ms)[0m  SELECT "schema_migrations".* FROM "schema_migrations"
Migrating to CreateUsers (20160422061822)
  [1m[36m (0.1ms)[0m  [1mbegin transaction[0m
  [1m[35m (0.5ms)[0m  CREATE TABLE "users" ("id" INTEGER PRIMARY KEY AUTOINCREMENT NOT NULL, "email" varchar, "password" varchar, "auth_token" varchar, "created_at" datetime NOT NULL, "updated_at" datetime NOT NULL) 
  [1m[36mSQL (0.2ms)[0m  [1mINSERT INTO "schema_migrations" ("version") VALUES (?)[0m  [["version", "20160422061822"]]
  [1m[35m (116.6ms)[0m  commit transaction
Migrating to CreatePosts (20160422061823)
  [1m[36m (0.1ms)[0m  [1mbegin transaction[0m
  [1m[35m (0.5ms)[0m  CREATE TABLE "posts" ("id" INTEGER PRIMARY KEY AUTOINCREMENT NOT NULL, "title" varchar, "body" text, "user_id" integer, "created_at" datetime NOT NULL, "updated_at" datetime NOT NULL) 
  [1m[36m (0.2ms)[0m  [1mCREATE  INDEX "index_posts_on_user_id" ON "posts" ("user_id")[0m
  [1m[35mSQL (0.2ms)[0m  INSERT INTO "schema_migrations" ("version") VALUES (?)  [["version", "20160422061823"]]
  [1m[36m (112.9ms)[0m  [1mcommit transaction[0m
Migrating to CreateComments (20160422061853)
  [1m[35m (0.1ms)[0m  begin transaction
  [1m[36m (0.4ms)[0m  [1mCREATE TABLE "comments" ("id" INTEGER PRIMARY KEY AUTOINCREMENT NOT NULL, "body" text, "user_id" integer, "post_id" integer, "created_at" datetime NOT NULL, "updated_at" datetime NOT NULL) [0m
  [1m[35m (0.2ms)[0m  CREATE  INDEX "index_comments_on_user_id" ON "comments" ("user_id")
  [1m[36m (0.1ms)[0m  [1m            SELECT sql
            FROM sqlite_master
            WHERE name='index_comments_on_user_id' AND type='index'
            UNION ALL
            SELECT sql
            FROM sqlite_temp_master
            WHERE name='index_comments_on_user_id' AND type='index'
[0m
  [1m[35m (0.2ms)[0m  CREATE  INDEX "index_comments_on_post_id" ON "comments" ("post_id")
  [1m[36mSQL (0.2ms)[0m  [1mINSERT INTO "schema_migrations" ("version") VALUES (?)[0m  [["version", "20160422061853"]]
  [1m[35m (136.5ms)[0m  commit transaction
  [1m[36mActiveRecord::SchemaMigration Load (0.1ms)[0m  [1mSELECT "schema_migrations".* FROM "schema_migrations"[0m
  [1m[35m (0.2ms)[0m              SELECT sql
            FROM sqlite_master
            WHERE name='index_comments_on_post_id' AND type='index'
            UNION ALL
            SELECT sql
            FROM sqlite_temp_master
            WHERE name='index_comments_on_post_id' AND type='index'

  [1m[36m (0.2ms)[0m  [1m            SELECT sql
            FROM sqlite_master
            WHERE name='index_comments_on_user_id' AND type='index'
            UNION ALL
            SELECT sql
            FROM sqlite_temp_master
            WHERE name='index_comments_on_user_id' AND type='index'
[0m
  [1m[35m (0.2ms)[0m              SELECT sql
            FROM sqlite_master
            WHERE name='index_posts_on_user_id' AND type='index'
            UNION ALL
            SELECT sql
            FROM sqlite_temp_master
            WHERE name='index_posts_on_user_id' AND type='index'

  [1m[36mActiveRecord::SchemaMigration Load (0.1ms)[0m  [1mSELECT "schema_migrations".* FROM "schema_migrations"[0m
  [1m[35m (0.1ms)[0m  begin transaction
  [1m[36mSQL (0.3ms)[0m  [1mINSERT INTO "users" ("email", "password", "created_at", "updated_at") VALUES (?, ?, ?, ?)[0m  [["email", "user@example.com"], ["password", "password"], ["created_at", "2016-04-22 06:38:23.085019"], ["updated_at", "2016-04-22 06:38:23.085019"]]
  [1m[35m (116.4ms)[0m  commit transaction
  [1m[36m (0.1ms)[0m  [1mbegin transaction[0m
  [1m[35mSQL (0.2ms)[0m  INSERT INTO "users" ("email", "password", "created_at", "updated_at") VALUES (?, ?, ?, ?)  [["email", "user2@example.com"], ["password", "password"], ["created_at", "2016-04-22 06:38:23.205183"], ["updated_at", "2016-04-22 06:38:23.205183"]]
  [1m[36m (114.1ms)[0m  [1mcommit transaction[0m
  [1m[35m (0.1ms)[0m  begin transaction
  [1m[36mSQL (0.3ms)[0m  [1mINSERT INTO "posts" ("title", "body", "user_id", "created_at", "updated_at") VALUES (?, ?, ?, ?, ?)[0m  [["title", "First Post"], ["body", "An Airplane"], ["user_id", 1], ["created_at", "2016-04-22 06:38:23.347938"], ["updated_at", "2016-04-22 06:38:23.347938"]]
  [1m[35m (139.1ms)[0m  commit transaction
  [1m[36m (0.1ms)[0m  [1mbegin transaction[0m
  [1m[35mSQL (0.3ms)[0m  INSERT INTO "posts" ("title", "body", "user_id", "created_at", "updated_at") VALUES (?, ?, ?, ?, ?)  [["title", "Second Post"], ["body", "A Train"], ["user_id", 1], ["created_at", "2016-04-22 06:38:23.498333"], ["updated_at", "2016-04-22 06:38:23.498333"]]
  [1m[36m (121.9ms)[0m  [1mcommit transaction[0m
  [1m[35m (0.1ms)[0m  begin transaction
  [1m[36mSQL (0.3ms)[0m  [1mINSERT INTO "posts" ("title", "body", "user_id", "created_at", "updated_at") VALUES (?, ?, ?, ?, ?)[0m  [["title", "Third Post"], ["body", "A Truck"], ["user_id", 2], ["created_at", "2016-04-22 06:38:23.624257"], ["updated_at", "2016-04-22 06:38:23.624257"]]
  [1m[35m (138.1ms)[0m  commit transaction
  [1m[36m (0.1ms)[0m  [1mbegin transaction[0m
  [1m[35mSQL (0.2ms)[0m  INSERT INTO "posts" ("title", "body", "user_id", "created_at", "updated_at") VALUES (?, ?, ?, ?, ?)  [["title", "Fourth Post"], ["body", "A Boat"], ["user_id", 2], ["created_at", "2016-04-22 06:38:23.765689"], ["updated_at", "2016-04-22 06:38:23.765689"]]
  [1m[36m (147.5ms)[0m  [1mcommit transaction[0m
  [1m[35m (0.1ms)[0m  begin transaction
  [1m[36mSQL (0.4ms)[0m  [1mINSERT INTO "comments" ("body", "user_id", "post_id", "created_at", "updated_at") VALUES (?, ?, ?, ?, ?)[0m  [["body", "This post was terrible"], ["user_id", 1], ["post_id", 3], ["created_at", "2016-04-22 06:38:23.927752"], ["updated_at", "2016-04-22 06:38:23.927752"]]
  [1m[35m (135.6ms)[0m  commit transaction
  [1m[36m (0.1ms)[0m  [1mbegin transaction[0m
  [1m[35mSQL (0.3ms)[0m  INSERT INTO "comments" ("body", "user_id", "post_id", "created_at", "updated_at") VALUES (?, ?, ?, ?, ?)  [["body", "This post was the best thing in the whole world"], ["user_id", 1], ["post_id", 4], ["created_at", "2016-04-22 06:38:24.067642"], ["updated_at", "2016-04-22 06:38:24.067642"]]
  [1m[36m (129.5ms)[0m  [1mcommit transaction[0m


Started GET "/users" for 127.0.0.1 at 2016-04-22 12:08:44 +0530
  [1m[36mActiveRecord::SchemaMigration Load (0.1ms)[0m  [1mSELECT "schema_migrations".* FROM "schema_migrations"[0m
Processing by UsersController#index as HTML
  [1m[35mUser Load (0.2ms)[0m  SELECT "users".* FROM "users"
Completed 200 OK in 9ms (Views: 4.2ms | ActiveRecord: 0.4ms)


Started GET "/post" for 127.0.0.1 at 2016-04-22 12:08:57 +0530

ActionController::RoutingError (No route matches [GET] "/post"):
  actionpack (4.2.0) lib/action_dispatch/middleware/debug_exceptions.rb:21:in `call'
  actionpack (4.2.0) lib/action_dispatch/middleware/show_exceptions.rb:30:in `call'
  railties (4.2.0) lib/rails/rack/logger.rb:38:in `call_app'
  railties (4.2.0) lib/rails/rack/logger.rb:20:in `block in call'
  activesupport (4.2.0) lib/active_support/tagged_logging.rb:68:in `block in tagged'
  activesupport (4.2.0) lib/active_support/tagged_logging.rb:26:in `tagged'
  activesupport (4.2.0) lib/active_support/tagged_logging.rb:68:in `tagged'
  railties (4.2.0) lib/rails/rack/logger.rb:20:in `call'
  actionpack (4.2.0) lib/action_dispatch/middleware/request_id.rb:21:in `call'
  rack (1.6.4) lib/rack/runtime.rb:18:in `call'
  activesupport (4.2.0) lib/active_support/cache/strategy/local_cache_middleware.rb:28:in `call'
  rack (1.6.4) lib/rack/lock.rb:17:in `call'
  actionpack (4.2.0) lib/action_dispatch/middleware/static.rb:113:in `call'
  railties (4.2.0) lib/rails/engine.rb:518:in `call'
  railties (4.2.0) lib/rails/application.rb:164:in `call'
  rack (1.6.4) lib/rack/lock.rb:17:in `call'
  rack (1.6.4) lib/rack/content_length.rb:15:in `call'
  rack (1.6.4) lib/rack/handler/webrick.rb:88:in `service'
  /home/exalogic/.rvm/rubies/ruby-2.1.2/lib/ruby/2.1.0/webrick/httpserver.rb:138:in `service'
  /home/exalogic/.rvm/rubies/ruby-2.1.2/lib/ruby/2.1.0/webrick/httpserver.rb:94:in `run'
  /home/exalogic/.rvm/rubies/ruby-2.1.2/lib/ruby/2.1.0/webrick/server.rb:295:in `block in start_thread'


  Rendered /home/exalogic/.rvm/gems/ruby-2.1.2/gems/actionpack-4.2.0/lib/action_dispatch/middleware/templates/rescues/_trace.html.erb (2.7ms)
  Rendered /home/exalogic/.rvm/gems/ruby-2.1.2/gems/actionpack-4.2.0/lib/action_dispatch/middleware/templates/routes/_route.html.erb (1.9ms)
  Rendered /home/exalogic/.rvm/gems/ruby-2.1.2/gems/actionpack-4.2.0/lib/action_dispatch/middleware/templates/routes/_table.html.erb (18.0ms)
  Rendered /home/exalogic/.rvm/gems/ruby-2.1.2/gems/actionpack-4.2.0/lib/action_dispatch/middleware/templates/rescues/_request_and_response.html.erb (1.2ms)
  Rendered /home/exalogic/.rvm/gems/ruby-2.1.2/gems/actionpack-4.2.0/lib/action_dispatch/middleware/templates/rescues/routing_error.html.erb within rescues/layout (55.0ms)


Started GET "/posts" for 127.0.0.1 at 2016-04-22 12:09:07 +0530
Processing by PostsController#index as HTML
  [1m[36mPost Load (0.2ms)[0m  [1mSELECT "posts".* FROM "posts"[0m
Completed 200 OK in 15ms (Views: 8.8ms | ActiveRecord: 0.6ms)


Started GET "/comments" for 127.0.0.1 at 2016-04-22 12:13:24 +0530
Processing by CommentsController#index as HTML
  [1m[35mComment Load (0.3ms)[0m  SELECT "comments".* FROM "comments"
Completed 200 OK in 11ms (Views: 7.3ms | ActiveRecord: 0.6ms)


Started GET "/" for 127.0.0.1 at 2016-04-22 12:24:14 +0530
Processing by UsersController#index as HTML
  [1m[36mUser Load (0.4ms)[0m  [1mSELECT "users".* FROM "users"[0m
Completed 200 OK in 9ms (Views: 4.9ms | ActiveRecord: 0.7ms)


Started GET "/" for 127.0.0.1 at 2016-04-22 12:27:57 +0530
Processing by UsersController#index as HTML
  [1m[35mUser Load (0.2ms)[0m  SELECT "users".* FROM "users"
Completed 200 OK in 2ms (Views: 1.2ms | ActiveRecord: 0.2ms)


Started GET "/" for 127.0.0.1 at 2016-04-22 12:28:06 +0530
Processing by UsersController#index as HTML
  [1m[36mUser Load (0.3ms)[0m  [1mSELECT "users".* FROM "users"[0m
Completed 200 OK in 3ms (Views: 1.7ms | ActiveRecord: 0.3ms)
  [1m[36m (84.1ms)[0m  [1mCREATE TABLE "schema_migrations" ("version" character varying NOT NULL) [0m
  [1m[35m (63.2ms)[0m  CREATE UNIQUE INDEX  "unique_schema_migrations" ON "schema_migrations"  ("version")
  [1m[36mActiveRecord::SchemaMigration Load (0.5ms)[0m  [1mSELECT "schema_migrations".* FROM "schema_migrations"[0m
Migrating to CreateUsers (20160422061822)
  [1m[35m (0.3ms)[0m  BEGIN
  [1m[36m (88.7ms)[0m  [1mCREATE TABLE "users" ("id" serial primary key, "email" character varying, "password" character varying, "auth_token" character varying, "created_at" timestamp NOT NULL, "updated_at" timestamp NOT NULL) [0m
  [1m[35mSQL (0.5ms)[0m  INSERT INTO "schema_migrations" ("version") VALUES ($1)  [["version", "20160422061822"]]
  [1m[36m (22.0ms)[0m  [1mCOMMIT[0m
Migrating to CreatePosts (20160422061823)
  [1m[35m (0.3ms)[0m  BEGIN
  [1m[36m (104.4ms)[0m  [1mCREATE TABLE "posts" ("id" serial primary key, "title" character varying, "body" text, "user_id" integer, "created_at" timestamp NOT NULL, "updated_at" timestamp NOT NULL) [0m
  [1m[35m (30.0ms)[0m  CREATE  INDEX  "index_posts_on_user_id" ON "posts"  ("user_id")
  [1m[36m (2.2ms)[0m  [1mALTER TABLE "posts" ADD CONSTRAINT "fk_rails_d4428ccd98"
FOREIGN KEY ("user_id")
  REFERENCES "users" ("id")
[0m
  [1m[35mSQL (0.3ms)[0m  INSERT INTO "schema_migrations" ("version") VALUES ($1)  [["version", "20160422061823"]]
  [1m[36m (21.6ms)[0m  [1mCOMMIT[0m
Migrating to CreateComments (20160422061853)
  [1m[35m (0.4ms)[0m  BEGIN
  [1m[36m (79.4ms)[0m  [1mCREATE TABLE "comments" ("id" serial primary key, "body" text, "user_id" integer, "post_id" integer, "created_at" timestamp NOT NULL, "updated_at" timestamp NOT NULL) [0m
  [1m[35m (30.8ms)[0m  CREATE  INDEX  "index_comments_on_user_id" ON "comments"  ("user_id")
  [1m[36m (55.6ms)[0m  [1mCREATE  INDEX  "index_comments_on_post_id" ON "comments"  ("post_id")[0m
  [1m[35m (1.5ms)[0m  ALTER TABLE "comments" ADD CONSTRAINT "fk_rails_ca520d93d7"
FOREIGN KEY ("user_id")
  REFERENCES "users" ("id")

  [1m[36m (1.3ms)[0m  [1mALTER TABLE "comments" ADD CONSTRAINT "fk_rails_a67cfb2a23"
FOREIGN KEY ("post_id")
  REFERENCES "posts" ("id")
[0m
  [1m[35mSQL (0.3ms)[0m  INSERT INTO "schema_migrations" ("version") VALUES ($1)  [["version", "20160422061853"]]
  [1m[36m (19.6ms)[0m  [1mCOMMIT[0m
  [1m[35mActiveRecord::SchemaMigration Load (0.5ms)[0m  SELECT "schema_migrations".* FROM "schema_migrations"
  [1m[36m (3.6ms)[0m  [1mSELECT t2.oid::regclass::text AS to_table, a1.attname AS column, a2.attname AS primary_key, c.conname AS name, c.confupdtype AS on_update, c.confdeltype AS on_delete
FROM pg_constraint c
JOIN pg_class t1 ON c.conrelid = t1.oid
JOIN pg_class t2 ON c.confrelid = t2.oid
JOIN pg_attribute a1 ON a1.attnum = c.conkey[1] AND a1.attrelid = t1.oid
JOIN pg_attribute a2 ON a2.attnum = c.confkey[1] AND a2.attrelid = t2.oid
JOIN pg_namespace t3 ON c.connamespace = t3.oid
WHERE c.contype = 'f'
  AND t1.relname = 'comments'
  AND t3.nspname = ANY (current_schemas(false))
ORDER BY c.conname
[0m
  [1m[35m (3.1ms)[0m  SELECT t2.oid::regclass::text AS to_table, a1.attname AS column, a2.attname AS primary_key, c.conname AS name, c.confupdtype AS on_update, c.confdeltype AS on_delete
FROM pg_constraint c
JOIN pg_class t1 ON c.conrelid = t1.oid
JOIN pg_class t2 ON c.confrelid = t2.oid
JOIN pg_attribute a1 ON a1.attnum = c.conkey[1] AND a1.attrelid = t1.oid
JOIN pg_attribute a2 ON a2.attnum = c.confkey[1] AND a2.attrelid = t2.oid
JOIN pg_namespace t3 ON c.connamespace = t3.oid
WHERE c.contype = 'f'
  AND t1.relname = 'posts'
  AND t3.nspname = ANY (current_schemas(false))
ORDER BY c.conname

  [1m[36m (3.2ms)[0m  [1mSELECT t2.oid::regclass::text AS to_table, a1.attname AS column, a2.attname AS primary_key, c.conname AS name, c.confupdtype AS on_update, c.confdeltype AS on_delete
FROM pg_constraint c
JOIN pg_class t1 ON c.conrelid = t1.oid
JOIN pg_class t2 ON c.confrelid = t2.oid
JOIN pg_attribute a1 ON a1.attnum = c.conkey[1] AND a1.attrelid = t1.oid
JOIN pg_attribute a2 ON a2.attnum = c.confkey[1] AND a2.attrelid = t2.oid
JOIN pg_namespace t3 ON c.connamespace = t3.oid
WHERE c.contype = 'f'
  AND t1.relname = 'users'
  AND t3.nspname = ANY (current_schemas(false))
ORDER BY c.conname
[0m
  [1m[36mActiveRecord::SchemaMigration Load (0.4ms)[0m  [1mSELECT "schema_migrations".* FROM "schema_migrations"[0m
  [1m[35m (0.2ms)[0m  BEGIN
  [1m[36mSQL (0.6ms)[0m  [1mINSERT INTO "users" ("email", "password", "created_at", "updated_at") VALUES ($1, $2, $3, $4) RETURNING "id"[0m  [["email", "user@example.com"], ["password", "password"], ["created_at", "2016-04-22 08:06:17.784195"], ["updated_at", "2016-04-22 08:06:17.784195"]]
  [1m[35m (12.8ms)[0m  COMMIT
  [1m[36m (0.2ms)[0m  [1mBEGIN[0m
  [1m[35mSQL (0.3ms)[0m  INSERT INTO "users" ("email", "password", "created_at", "updated_at") VALUES ($1, $2, $3, $4) RETURNING "id"  [["email", "user2@example.com"], ["password", "password"], ["created_at", "2016-04-22 08:06:17.802109"], ["updated_at", "2016-04-22 08:06:17.802109"]]
  [1m[36m (5.8ms)[0m  [1mCOMMIT[0m
  [1m[35m (0.2ms)[0m  BEGIN
  [1m[36mSQL (0.8ms)[0m  [1mINSERT INTO "posts" ("title", "body", "user_id", "created_at", "updated_at") VALUES ($1, $2, $3, $4, $5) RETURNING "id"[0m  [["title", "First Post"], ["body", "An Airplane"], ["user_id", 1], ["created_at", "2016-04-22 08:06:17.828561"], ["updated_at", "2016-04-22 08:06:17.828561"]]
  [1m[35m (3.5ms)[0m  COMMIT
  [1m[36m (0.1ms)[0m  [1mBEGIN[0m
  [1m[35mSQL (0.4ms)[0m  INSERT INTO "posts" ("title", "body", "user_id", "created_at", "updated_at") VALUES ($1, $2, $3, $4, $5) RETURNING "id"  [["title", "Second Post"], ["body", "A Train"], ["user_id", 1], ["created_at", "2016-04-22 08:06:17.835611"], ["updated_at", "2016-04-22 08:06:17.835611"]]
  [1m[36m (5.8ms)[0m  [1mCOMMIT[0m
  [1m[35m (0.2ms)[0m  BEGIN
  [1m[36mSQL (0.4ms)[0m  [1mINSERT INTO "posts" ("title", "body", "user_id", "created_at", "updated_at") VALUES ($1, $2, $3, $4, $5) RETURNING "id"[0m  [["title", "Third Post"], ["body", "A Truck"], ["user_id", 2], ["created_at", "2016-04-22 08:06:17.844310"], ["updated_at", "2016-04-22 08:06:17.844310"]]
  [1m[35m (5.4ms)[0m  COMMIT
  [1m[36m (0.2ms)[0m  [1mBEGIN[0m
  [1m[35mSQL (0.4ms)[0m  INSERT INTO "posts" ("title", "body", "user_id", "created_at", "updated_at") VALUES ($1, $2, $3, $4, $5) RETURNING "id"  [["title", "Fourth Post"], ["body", "A Boat"], ["user_id", 2], ["created_at", "2016-04-22 08:06:17.852221"], ["updated_at", "2016-04-22 08:06:17.852221"]]
  [1m[36m (5.8ms)[0m  [1mCOMMIT[0m
  [1m[35m (0.2ms)[0m  BEGIN
  [1m[36mSQL (1.0ms)[0m  [1mINSERT INTO "comments" ("body", "user_id", "post_id", "created_at", "updated_at") VALUES ($1, $2, $3, $4, $5) RETURNING "id"[0m  [["body", "This post was terrible"], ["user_id", 1], ["post_id", 3], ["created_at", "2016-04-22 08:06:17.869112"], ["updated_at", "2016-04-22 08:06:17.869112"]]
  [1m[35m (4.6ms)[0m  COMMIT
  [1m[36m (0.2ms)[0m  [1mBEGIN[0m
  [1m[35mSQL (0.7ms)[0m  INSERT INTO "comments" ("body", "user_id", "post_id", "created_at", "updated_at") VALUES ($1, $2, $3, $4, $5) RETURNING "id"  [["body", "This post was the best thing in the whole world"], ["user_id", 1], ["post_id", 4], ["created_at", "2016-04-22 08:06:17.877750"], ["updated_at", "2016-04-22 08:06:17.877750"]]
  [1m[36m (4.9ms)[0m  [1mCOMMIT[0m
  [1m[36mUser Load (0.9ms)[0m  [1mSELECT "users".* FROM "users"[0m
  [1m[35mUser Load (0.9ms)[0m  SELECT  "users".* FROM "users"  ORDER BY "users"."id" ASC LIMIT 1


Started GET "/" for 127.0.0.1 at 2016-04-22 16:05:56 +0530
  [1m[36mActiveRecord::SchemaMigration Load (0.5ms)[0m  [1mSELECT "schema_migrations".* FROM "schema_migrations"[0m

ActionController::RoutingError (undefined method `respond_to' for UsersController:Class):
  app/controllers/users_controller.rb:3:in `<class:UsersController>'
  app/controllers/users_controller.rb:1:in `<top (required)>'


  Rendered /home/exalogic/.rvm/gems/ruby-2.1.2/gems/actionpack-4.2.0/lib/action_dispatch/middleware/templates/rescues/_trace.html.erb (4.3ms)
  Rendered /home/exalogic/.rvm/gems/ruby-2.1.2/gems/actionpack-4.2.0/lib/action_dispatch/middleware/templates/routes/_route.html.erb (1.2ms)
  Rendered /home/exalogic/.rvm/gems/ruby-2.1.2/gems/actionpack-4.2.0/lib/action_dispatch/middleware/templates/routes/_table.html.erb (4.3ms)
  Rendered /home/exalogic/.rvm/gems/ruby-2.1.2/gems/actionpack-4.2.0/lib/action_dispatch/middleware/templates/rescues/_request_and_response.html.erb (0.9ms)
  Rendered /home/exalogic/.rvm/gems/ruby-2.1.2/gems/actionpack-4.2.0/lib/action_dispatch/middleware/templates/rescues/routing_error.html.erb within rescues/layout (29.3ms)


Started GET "/" for 127.0.0.1 at 2016-04-22 16:05:56 +0530

ActionController::RoutingError (undefined method `respond_to' for UsersController:Class):
  app/controllers/users_controller.rb:3:in `<class:UsersController>'
  app/controllers/users_controller.rb:1:in `<top (required)>'


  Rendered /home/exalogic/.rvm/gems/ruby-2.1.2/gems/actionpack-4.2.0/lib/action_dispatch/middleware/templates/rescues/_trace.html.erb (1.6ms)
  Rendered /home/exalogic/.rvm/gems/ruby-2.1.2/gems/actionpack-4.2.0/lib/action_dispatch/middleware/templates/routes/_route.html.erb (2.1ms)
  Rendered /home/exalogic/.rvm/gems/ruby-2.1.2/gems/actionpack-4.2.0/lib/action_dispatch/middleware/templates/routes/_table.html.erb (1.1ms)
  Rendered /home/exalogic/.rvm/gems/ruby-2.1.2/gems/actionpack-4.2.0/lib/action_dispatch/middleware/templates/rescues/_request_and_response.html.erb (0.9ms)
  Rendered /home/exalogic/.rvm/gems/ruby-2.1.2/gems/actionpack-4.2.0/lib/action_dispatch/middleware/templates/rescues/routing_error.html.erb within rescues/layout (24.0ms)


Started GET "/" for 127.0.0.1 at 2016-04-22 16:07:51 +0530
  [1m[36mActiveRecord::SchemaMigration Load (0.7ms)[0m  [1mSELECT "schema_migrations".* FROM "schema_migrations"[0m
Processing by UsersController#index as HTML
Completed 500 Internal Server Error in 18ms

ActionView::MissingTemplate (Missing template users/index, application/index with {:locale=>[:en], :formats=>[:html], :variants=>[], :handlers=>[:erb, :builder, :raw, :ruby]}. Searched in:
):
  app/controllers/users_controller.rb:9:in `index'


  Rendered /home/exalogic/.rvm/gems/ruby-2.1.2/gems/actionpack-4.2.0/lib/action_dispatch/middleware/templates/rescues/_source.erb (8.0ms)
  Rendered /home/exalogic/.rvm/gems/ruby-2.1.2/gems/actionpack-4.2.0/lib/action_dispatch/middleware/templates/rescues/_trace.html.erb (2.8ms)
  Rendered /home/exalogic/.rvm/gems/ruby-2.1.2/gems/actionpack-4.2.0/lib/action_dispatch/middleware/templates/rescues/_request_and_response.html.erb (1.1ms)
  Rendered /home/exalogic/.rvm/gems/ruby-2.1.2/gems/actionpack-4.2.0/lib/action_dispatch/middleware/templates/rescues/missing_template.html.erb within rescues/layout (20.6ms)


Started GET "/" for 127.0.0.1 at 2016-04-22 16:08:32 +0530
Processing by UsersController#index as HTML
  [1m[35mUser Load (0.5ms)[0m  SELECT "users".* FROM "users"
Completed 200 OK in 12ms (Views: 5.1ms | ActiveRecord: 3.3ms)


Started GET "/" for 127.0.0.1 at 2016-04-22 16:08:54 +0530
Processing by UsersController#index as HTML
  [1m[36mUser Load (0.4ms)[0m  [1mSELECT "users".* FROM "users"[0m
Completed 500 Internal Server Error in 16ms

ActionView::MissingTemplate (Missing template users/[{"id":1,"email":"user@example.com","password":"password","auth_token":null,"created_at":"2016-04-22T08:06:17.784Z","updated_at":"2016-04-22T08:06:17.784Z"},{"id":2,"email":"user2@example.com","password":"password","auth_token":null,"created_at":"2016-04-22T08:06:17.802Z","updated_at":"2016-04-22T08:06:17.802Z"}], application/[{"id":1,"email":"user@example.com","password":"password","auth_token":null,"created_at":"2016-04-22T08:06:17.784Z","updated_at":"2016-04-22T08:06:17.784Z"},{"id":2,"email":"user2@example.com","password":"password","auth_token":null,"created_at":"2016-04-22T08:06:17.802Z","updated_at":"2016-04-22T08:06:17.802Z"}] with {:locale=>[:en], :formats=>[:html], :variants=>[], :handlers=>[:erb, :builder, :raw, :ruby]}. Searched in:
):
  app/controllers/users_controller.rb:9:in `index'


  Rendered /home/exalogic/.rvm/gems/ruby-2.1.2/gems/actionpack-4.2.0/lib/action_dispatch/middleware/templates/rescues/_source.erb (5.0ms)
  Rendered /home/exalogic/.rvm/gems/ruby-2.1.2/gems/actionpack-4.2.0/lib/action_dispatch/middleware/templates/rescues/_trace.html.erb (2.1ms)
  Rendered /home/exalogic/.rvm/gems/ruby-2.1.2/gems/actionpack-4.2.0/lib/action_dispatch/middleware/templates/rescues/_request_and_response.html.erb (0.8ms)
  Rendered /home/exalogic/.rvm/gems/ruby-2.1.2/gems/actionpack-4.2.0/lib/action_dispatch/middleware/templates/rescues/missing_template.html.erb within rescues/layout (14.2ms)


Started GET "/" for 127.0.0.1 at 2016-04-22 16:18:13 +0530
Processing by UsersController#index as HTML
  [1m[35mUser Load (0.4ms)[0m  SELECT "users".* FROM "users"
Completed 200 OK in 12ms (Views: 6.4ms | ActiveRecord: 2.4ms)


Started GET "/" for 127.0.0.1 at 2016-04-25 10:37:51 +0530
  [1m[36mActiveRecord::SchemaMigration Load (5.4ms)[0m  [1mSELECT "schema_migrations".* FROM "schema_migrations"[0m
Processing by UsersController#index as HTML
  [1m[35mUser Load (21.1ms)[0m  SELECT "users"."email", "users"."password", "users"."auth_token" FROM "users"
Completed 200 OK in 88ms (Views: 9.9ms | ActiveRecord: 69.9ms)


Started GET "/" for 127.0.0.1 at 2016-04-25 10:44:34 +0530
Processing by UsersController#index as HTML
  [1m[36mUser Load (0.5ms)[0m  [1mSELECT "users"."id", "users"."email", "users"."password", "users"."auth_token" FROM "users"[0m
Completed 200 OK in 12ms (Views: 5.7ms | ActiveRecord: 2.9ms)


Started GET "/" for 127.0.0.1 at 2016-04-25 12:22:48 +0530
  [1m[36mActiveRecord::SchemaMigration Load (0.5ms)[0m  [1mSELECT "schema_migrations".* FROM "schema_migrations"[0m
Processing by UsersController#index as HTML
Completed 500 Internal Server Error in 4ms

NoMethodError (undefined method `all' for User:Class):
  app/controllers/users_controller.rb:7:in `index'


  Rendered /home/exalogic/.rvm/gems/ruby-2.1.2/gems/actionpack-4.2.0/lib/action_dispatch/middleware/templates/rescues/_source.erb (6.0ms)
  Rendered /home/exalogic/.rvm/gems/ruby-2.1.2/gems/actionpack-4.2.0/lib/action_dispatch/middleware/templates/rescues/_trace.html.erb (2.6ms)
  Rendered /home/exalogic/.rvm/gems/ruby-2.1.2/gems/actionpack-4.2.0/lib/action_dispatch/middleware/templates/rescues/_request_and_response.html.erb (1.2ms)
  Rendered /home/exalogic/.rvm/gems/ruby-2.1.2/gems/actionpack-4.2.0/lib/action_dispatch/middleware/templates/rescues/diagnostics.html.erb within rescues/layout (32.1ms)


Started GET "/" for 127.0.0.1 at 2016-04-25 12:23:44 +0530
Processing by UsersController#index as HTML
Completed 500 Internal Server Error in 2ms

NoMethodError (undefined method `all' for User:Class):
  app/controllers/users_controller.rb:7:in `index'


  Rendered /home/exalogic/.rvm/gems/ruby-2.1.2/gems/actionpack-4.2.0/lib/action_dispatch/middleware/templates/rescues/_source.erb (4.7ms)
  Rendered /home/exalogic/.rvm/gems/ruby-2.1.2/gems/actionpack-4.2.0/lib/action_dispatch/middleware/templates/rescues/_trace.html.erb (2.0ms)
  Rendered /home/exalogic/.rvm/gems/ruby-2.1.2/gems/actionpack-4.2.0/lib/action_dispatch/middleware/templates/rescues/_request_and_response.html.erb (0.9ms)
  Rendered /home/exalogic/.rvm/gems/ruby-2.1.2/gems/actionpack-4.2.0/lib/action_dispatch/middleware/templates/rescues/diagnostics.html.erb within rescues/layout (15.0ms)


Started GET "/" for 127.0.0.1 at 2016-04-25 12:26:33 +0530
  [1m[36mActiveRecord::SchemaMigration Load (0.5ms)[0m  [1mSELECT "schema_migrations".* FROM "schema_migrations"[0m
Processing by UsersController#index as HTML
  [1m[35mUser Load (0.8ms)[0m  SELECT "users".* FROM "users"
[active_model_serializers] Rendered ActiveModel::Serializer::CollectionSerializer with ActiveModelSerializers::Adapter::Attributes (0.33ms)
Completed 200 OK in 35ms (Views: 10.8ms | ActiveRecord: 4.2ms)


Started GET "/" for 127.0.0.1 at 2016-04-25 12:27:22 +0530
Processing by UsersController#index as HTML
  [1m[36mUser Load (0.4ms)[0m  [1mSELECT "users".* FROM "users"[0m
[active_model_serializers] Rendered ActiveModel::Serializer::CollectionSerializer with ActiveModelSerializers::Adapter::Attributes (0.47ms)
Completed 200 OK in 14ms (Views: 7.2ms | ActiveRecord: 2.9ms)


Started GET "/" for 127.0.0.1 at 2016-04-25 12:27:36 +0530
Processing by UsersController#index as HTML
  [1m[35mUser Load (0.4ms)[0m  SELECT "users".* FROM "users"
[active_model_serializers] Rendered ActiveModel::Serializer::CollectionSerializer with ActiveModelSerializers::Adapter::Attributes (0.51ms)
Completed 200 OK in 14ms (Views: 7.3ms | ActiveRecord: 2.9ms)
  [1m[36mPost Load (27.2ms)[0m  [1mSELECT  "posts".* FROM "posts"  ORDER BY "posts"."id" DESC LIMIT 1[0m


Started GET "/" for 127.0.0.1 at 2016-04-25 12:31:26 +0530
  [1m[36mActiveRecord::SchemaMigration Load (0.6ms)[0m  [1mSELECT "schema_migrations".* FROM "schema_migrations"[0m
Processing by UsersController#index as HTML
  [1m[35mUser Load (0.7ms)[0m  SELECT "users".* FROM "users"
[active_model_serializers]   [1m[36mPost Load (0.6ms)[0m  [1mSELECT "posts".* FROM "posts" WHERE "posts"."user_id" = $1[0m  [["user_id", 1]]
[active_model_serializers]   [1m[35mComment Load (23.1ms)[0m  SELECT "comments".* FROM "comments" WHERE "comments"."user_id" = $1  [["user_id", 1]]
[active_model_serializers]   [1m[36mPost Load (0.4ms)[0m  [1mSELECT "posts".* FROM "posts" WHERE "posts"."user_id" = $1[0m  [["user_id", 2]]
[active_model_serializers]   [1m[35mComment Load (0.3ms)[0m  SELECT "comments".* FROM "comments" WHERE "comments"."user_id" = $1  [["user_id", 2]]
[active_model_serializers] Rendered ActiveModel::Serializer::CollectionSerializer with ActiveModelSerializers::Adapter::Attributes (115.22ms)
Completed 200 OK in 139ms (Views: 102.6ms | ActiveRecord: 32.2ms)


Started GET "/users/1" for 127.0.0.1 at 2016-04-25 12:31:48 +0530
Processing by UsersController#show as HTML
  Parameters: {"id"=>"1"}
  [1m[36mUser Load (0.4ms)[0m  [1mSELECT  "users".* FROM "users" WHERE "users"."id" = $1 LIMIT 1[0m  [["id", 1]]
[active_model_serializers]   [1m[35mPost Load (0.5ms)[0m  SELECT "posts".* FROM "posts" WHERE "posts"."user_id" = $1  [["user_id", 1]]
[active_model_serializers]   [1m[36mComment Load (0.4ms)[0m  [1mSELECT "comments".* FROM "comments" WHERE "comments"."user_id" = $1[0m  [["user_id", 1]]
[active_model_serializers] Rendered UserSerializer with ActiveModelSerializers::Adapter::Attributes (4.93ms)
Completed 200 OK in 26ms (Views: 4.6ms | ActiveRecord: 1.4ms)


Started GET "/users/1/post" for 127.0.0.1 at 2016-04-25 12:31:56 +0530

ActionController::RoutingError (No route matches [GET] "/users/1/post"):
  actionpack (4.2.0) lib/action_dispatch/middleware/debug_exceptions.rb:21:in `call'
  actionpack (4.2.0) lib/action_dispatch/middleware/show_exceptions.rb:30:in `call'
  railties (4.2.0) lib/rails/rack/logger.rb:38:in `call_app'
  railties (4.2.0) lib/rails/rack/logger.rb:20:in `block in call'
  activesupport (4.2.0) lib/active_support/tagged_logging.rb:68:in `block in tagged'
  activesupport (4.2.0) lib/active_support/tagged_logging.rb:26:in `tagged'
  activesupport (4.2.0) lib/active_support/tagged_logging.rb:68:in `tagged'
  railties (4.2.0) lib/rails/rack/logger.rb:20:in `call'
  actionpack (4.2.0) lib/action_dispatch/middleware/request_id.rb:21:in `call'
  rack (1.6.4) lib/rack/runtime.rb:18:in `call'
  activesupport (4.2.0) lib/active_support/cache/strategy/local_cache_middleware.rb:28:in `call'
  rack (1.6.4) lib/rack/lock.rb:17:in `call'
  actionpack (4.2.0) lib/action_dispatch/middleware/static.rb:113:in `call'
  railties (4.2.0) lib/rails/engine.rb:518:in `call'
  railties (4.2.0) lib/rails/application.rb:164:in `call'
  rack (1.6.4) lib/rack/lock.rb:17:in `call'
  rack (1.6.4) lib/rack/content_length.rb:15:in `call'
  rack (1.6.4) lib/rack/handler/webrick.rb:88:in `service'
  /home/exalogic/.rvm/rubies/ruby-2.1.2/lib/ruby/2.1.0/webrick/httpserver.rb:138:in `service'
  /home/exalogic/.rvm/rubies/ruby-2.1.2/lib/ruby/2.1.0/webrick/httpserver.rb:94:in `run'
  /home/exalogic/.rvm/rubies/ruby-2.1.2/lib/ruby/2.1.0/webrick/server.rb:295:in `block in start_thread'


  Rendered /home/exalogic/.rvm/gems/ruby-2.1.2/gems/actionpack-4.2.0/lib/action_dispatch/middleware/templates/rescues/_trace.html.erb (1.7ms)
  Rendered /home/exalogic/.rvm/gems/ruby-2.1.2/gems/actionpack-4.2.0/lib/action_dispatch/middleware/templates/routes/_route.html.erb (1.9ms)
  Rendered /home/exalogic/.rvm/gems/ruby-2.1.2/gems/actionpack-4.2.0/lib/action_dispatch/middleware/templates/routes/_table.html.erb (19.2ms)
  Rendered /home/exalogic/.rvm/gems/ruby-2.1.2/gems/actionpack-4.2.0/lib/action_dispatch/middleware/templates/rescues/_request_and_response.html.erb (1.5ms)
  Rendered /home/exalogic/.rvm/gems/ruby-2.1.2/gems/actionpack-4.2.0/lib/action_dispatch/middleware/templates/rescues/routing_error.html.erb within rescues/layout (65.5ms)


Started GET "/post" for 127.0.0.1 at 2016-04-25 12:32:03 +0530

ActionController::RoutingError (No route matches [GET] "/post"):
  actionpack (4.2.0) lib/action_dispatch/middleware/debug_exceptions.rb:21:in `call'
  actionpack (4.2.0) lib/action_dispatch/middleware/show_exceptions.rb:30:in `call'
  railties (4.2.0) lib/rails/rack/logger.rb:38:in `call_app'
  railties (4.2.0) lib/rails/rack/logger.rb:20:in `block in call'
  activesupport (4.2.0) lib/active_support/tagged_logging.rb:68:in `block in tagged'
  activesupport (4.2.0) lib/active_support/tagged_logging.rb:26:in `tagged'
  activesupport (4.2.0) lib/active_support/tagged_logging.rb:68:in `tagged'
  railties (4.2.0) lib/rails/rack/logger.rb:20:in `call'
  actionpack (4.2.0) lib/action_dispatch/middleware/request_id.rb:21:in `call'
  rack (1.6.4) lib/rack/runtime.rb:18:in `call'
  activesupport (4.2.0) lib/active_support/cache/strategy/local_cache_middleware.rb:28:in `call'
  rack (1.6.4) lib/rack/lock.rb:17:in `call'
  actionpack (4.2.0) lib/action_dispatch/middleware/static.rb:113:in `call'
  railties (4.2.0) lib/rails/engine.rb:518:in `call'
  railties (4.2.0) lib/rails/application.rb:164:in `call'
  rack (1.6.4) lib/rack/lock.rb:17:in `call'
  rack (1.6.4) lib/rack/content_length.rb:15:in `call'
  rack (1.6.4) lib/rack/handler/webrick.rb:88:in `service'
  /home/exalogic/.rvm/rubies/ruby-2.1.2/lib/ruby/2.1.0/webrick/httpserver.rb:138:in `service'
  /home/exalogic/.rvm/rubies/ruby-2.1.2/lib/ruby/2.1.0/webrick/httpserver.rb:94:in `run'
  /home/exalogic/.rvm/rubies/ruby-2.1.2/lib/ruby/2.1.0/webrick/server.rb:295:in `block in start_thread'


  Rendered /home/exalogic/.rvm/gems/ruby-2.1.2/gems/actionpack-4.2.0/lib/action_dispatch/middleware/templates/rescues/_trace.html.erb (1.8ms)
  Rendered /home/exalogic/.rvm/gems/ruby-2.1.2/gems/actionpack-4.2.0/lib/action_dispatch/middleware/templates/routes/_route.html.erb (2.3ms)
  Rendered /home/exalogic/.rvm/gems/ruby-2.1.2/gems/actionpack-4.2.0/lib/action_dispatch/middleware/templates/routes/_table.html.erb (1.6ms)
  Rendered /home/exalogic/.rvm/gems/ruby-2.1.2/gems/actionpack-4.2.0/lib/action_dispatch/middleware/templates/rescues/_request_and_response.html.erb (1.2ms)
  Rendered /home/exalogic/.rvm/gems/ruby-2.1.2/gems/actionpack-4.2.0/lib/action_dispatch/middleware/templates/rescues/routing_error.html.erb within rescues/layout (28.2ms)


Started GET "/posts" for 127.0.0.1 at 2016-04-25 12:32:05 +0530
Processing by PostsController#index as HTML
  [1m[35mPost Load (0.4ms)[0m  SELECT "posts".* FROM "posts"
[active_model_serializers]   [1m[36mUser Load (0.4ms)[0m  [1mSELECT  "users".* FROM "users" WHERE "users"."id" = $1 LIMIT 1[0m  [["id", 1]]
[active_model_serializers]   [1m[35mComment Load (0.4ms)[0m  SELECT "comments".* FROM "comments" WHERE "comments"."post_id" = $1  [["post_id", 1]]
[active_model_serializers]   [1m[36mCACHE (0.0ms)[0m  [1mSELECT  "users".* FROM "users" WHERE "users"."id" = $1 LIMIT 1[0m  [["id", 1]]
[active_model_serializers]   [1m[35mComment Load (0.6ms)[0m  SELECT "comments".* FROM "comments" WHERE "comments"."post_id" = $1  [["post_id", 2]]
[active_model_serializers]   [1m[36mUser Load (0.4ms)[0m  [1mSELECT  "users".* FROM "users" WHERE "users"."id" = $1 LIMIT 1[0m  [["id", 2]]
[active_model_serializers]   [1m[35mComment Load (0.3ms)[0m  SELECT "comments".* FROM "comments" WHERE "comments"."post_id" = $1  [["post_id", 3]]
[active_model_serializers]   [1m[36mCACHE (0.0ms)[0m  [1mSELECT  "users".* FROM "users" WHERE "users"."id" = $1 LIMIT 1[0m  [["id", 2]]
[active_model_serializers]   [1m[35mComment Load (0.5ms)[0m  SELECT "comments".* FROM "comments" WHERE "comments"."post_id" = $1  [["post_id", 4]]
[active_model_serializers] Rendered ActiveModel::Serializer::CollectionSerializer with ActiveModelSerializers::Adapter::Attributes (27.38ms)
Completed 200 OK in 30ms (Views: 26.4ms | ActiveRecord: 3.0ms)


Started GET "/users/" for 127.0.0.1 at 2016-04-25 12:32:53 +0530
Processing by UsersController#index as HTML
  [1m[36mUser Load (0.4ms)[0m  [1mSELECT "users".* FROM "users"[0m
[active_model_serializers] Rendered ActiveModel::Serializer::CollectionSerializer with ActiveModelSerializers::Adapter::Attributes (0.4ms)
Completed 200 OK in 12ms (Views: 6.6ms | ActiveRecord: 2.4ms)


Started GET "/users/" for 127.0.0.1 at 2016-04-25 12:33:10 +0530
Processing by UsersController#index as HTML
  [1m[35mUser Load (0.4ms)[0m  SELECT "users".* FROM "users"
[active_model_serializers] Rendered ActiveModel::Serializer::CollectionSerializer with ActiveModelSerializers::Adapter::Attributes (0.42ms)
Completed 200 OK in 13ms (Views: 6.9ms | ActiveRecord: 2.8ms)


Started GET "/users/" for 127.0.0.1 at 2016-04-25 12:57:04 +0530
Processing by UsersController#index as HTML
  [1m[36mUser Load (0.4ms)[0m  [1mSELECT "users".* FROM "users"[0m
[active_model_serializers] Rendered ActiveModel::Serializer::CollectionSerializer with ActiveModelSerializers::Adapter::Attributes (0.54ms)
Completed 200 OK in 16ms (Views: 8.6ms | ActiveRecord: 2.7ms)


Started GET "/users/" for 127.0.0.1 at 2016-04-25 12:58:41 +0530
Processing by UsersController#index as HTML
  [1m[35mUser Load (0.4ms)[0m  SELECT "users".* FROM "users"
Completed 200 OK in 15ms (Views: 1.7ms | ActiveRecord: 2.8ms)


Started GET "/users/" for 127.0.0.1 at 2016-04-25 12:59:22 +0530
Processing by UsersController#index as HTML
  [1m[36mUser Load (0.4ms)[0m  [1mSELECT "users".* FROM "users"[0m
[active_model_serializers] Rendered ActiveModel::Serializer::CollectionSerializer with ActiveModelSerializers::Adapter::Attributes (0.44ms)
Completed 200 OK in 16ms (Views: 9.5ms | ActiveRecord: 2.5ms)


Started GET "/users/" for 127.0.0.1 at 2016-04-25 13:10:18 +0530
Processing by UsersController#index as HTML
  [1m[35mUser Load (0.4ms)[0m  SELECT "users".* FROM "users"
[active_model_serializers] Rendered ActiveModel::Serializer::CollectionSerializer with ActiveModelSerializers::Adapter::Attributes (0.41ms)
Completed 200 OK in 12ms (Views: 6.4ms | ActiveRecord: 2.8ms)


Started GET "/users/" for 127.0.0.1 at 2016-04-25 13:10:23 +0530
Processing by UsersController#index as HTML
  [1m[36mUser Load (0.4ms)[0m  [1mSELECT "users".* FROM "users"[0m
[active_model_serializers] Rendered ActiveModel::Serializer::CollectionSerializer with ActiveModelSerializers::Adapter::Attributes (0.4ms)
Completed 200 OK in 3ms (Views: 2.0ms | ActiveRecord: 0.4ms)


Started GET "/users" for 127.0.0.1 at 2016-04-25 13:10:27 +0530
Processing by UsersController#index as HTML
  [1m[35mUser Load (0.4ms)[0m  SELECT "users".* FROM "users"
[active_model_serializers] Rendered ActiveModel::Serializer::CollectionSerializer with ActiveModelSerializers::Adapter::Attributes (0.39ms)
Completed 200 OK in 2ms (Views: 1.6ms | ActiveRecord: 0.4ms)


Started GET "/users.json" for 127.0.0.1 at 2016-04-25 13:10:32 +0530
Processing by UsersController#index as JSON
  [1m[36mUser Load (0.4ms)[0m  [1mSELECT "users".* FROM "users"[0m
[active_model_serializers] Rendered ActiveModel::Serializer::CollectionSerializer with ActiveModelSerializers::Adapter::Attributes (0.37ms)
Completed 200 OK in 2ms (Views: 1.7ms | ActiveRecord: 0.4ms)


Started GET "/users.xml" for 127.0.0.1 at 2016-04-25 13:10:38 +0530
Processing by UsersController#index as XML
  [1m[35mUser Load (0.4ms)[0m  SELECT "users".* FROM "users"
[active_model_serializers] Rendered ActiveModel::Serializer::CollectionSerializer with ActiveModelSerializers::Adapter::Attributes (0.64ms)
Completed 200 OK in 3ms (Views: 2.4ms | ActiveRecord: 0.4ms)


Started GET "/" for 127.0.0.1 at 2016-04-25 15:44:03 +0530
Processing by UsersController#index as HTML
  [1m[36mUser Load (0.6ms)[0m  [1mSELECT "users".* FROM "users"[0m
[active_model_serializers] Rendered ActiveModel::Serializer::CollectionSerializer with ActiveModelSerializers::Adapter::Attributes (0.6ms)
Completed 200 OK in 16ms (Views: 7.9ms | ActiveRecord: 4.0ms)


Started GET "/users" for 127.0.0.1 at 2016-04-25 15:58:54 +0530
Processing by UsersController#index as JSON
  [1m[35mUser Load (0.4ms)[0m  SELECT "users".* FROM "users"
[active_model_serializers] Rendered ActiveModel::Serializer::CollectionSerializer with ActiveModelSerializers::Adapter::Attributes (0.26ms)
Completed 200 OK in 2ms (Views: 1.2ms | ActiveRecord: 0.4ms)


Started GET "/users" for 127.0.0.1 at 2016-04-25 15:59:28 +0530
Processing by UsersController#index as JSON
  [1m[36mUser Load (0.3ms)[0m  [1mSELECT "users".* FROM "users"[0m
[active_model_serializers] Rendered ActiveModel::Serializer::CollectionSerializer with ActiveModelSerializers::Adapter::Attributes (0.31ms)
Completed 200 OK in 2ms (Views: 1.4ms | ActiveRecord: 0.3ms)


Started GET "/users" for 127.0.0.1 at 2016-04-25 15:59:50 +0530
Processing by UsersController#index as JSON
  [1m[35mUser Load (0.4ms)[0m  SELECT "users".* FROM "users"
[active_model_serializers] Rendered ActiveModel::Serializer::CollectionSerializer with ActiveModelSerializers::Adapter::Attributes (0.52ms)
Completed 200 OK in 3ms (Views: 2.0ms | ActiveRecord: 0.4ms)


Started GET "/users" for 127.0.0.1 at 2016-04-25 16:03:12 +0530
Processing by UsersController#index as JSON
  [1m[36mUser Load (0.4ms)[0m  [1mSELECT "users".* FROM "users"[0m
[active_model_serializers] Rendered ActiveModel::Serializer::CollectionSerializer with ActiveModelSerializers::Adapter::Attributes (0.51ms)
Completed 200 OK in 3ms (Views: 1.9ms | ActiveRecord: 0.4ms)


Started GET "/users" for 127.0.0.1 at 2016-04-25 16:03:49 +0530
Processing by UsersController#index as JSON
  [1m[35mUser Load (0.4ms)[0m  SELECT "users".* FROM "users"
[active_model_serializers] Rendered ActiveModel::Serializer::CollectionSerializer with ActiveModelSerializers::Adapter::Attributes (0.54ms)
Completed 200 OK in 3ms (Views: 2.0ms | ActiveRecord: 0.4ms)


Started GET "/users" for 127.0.0.1 at 2016-04-25 16:08:03 +0530
Processing by UsersController#index as JSON
  [1m[36mUser Load (0.4ms)[0m  [1mSELECT "users".* FROM "users"[0m
[active_model_serializers] Rendered ActiveModel::Serializer::CollectionSerializer with ActiveModelSerializers::Adapter::Attributes (0.47ms)
Completed 200 OK in 2ms (Views: 1.8ms | ActiveRecord: 0.4ms)


Started GET "/users" for 127.0.0.1 at 2016-04-25 16:08:38 +0530
Processing by UsersController#index as JSON
  [1m[35mUser Load (0.3ms)[0m  SELECT "users".* FROM "users"
[active_model_serializers] Rendered ActiveModel::Serializer::CollectionSerializer with ActiveModelSerializers::Adapter::Attributes (0.4ms)
Completed 200 OK in 2ms (Views: 1.6ms | ActiveRecord: 0.3ms)


Started GET "/users" for 127.0.0.1 at 2016-04-25 16:08:43 +0530
Processing by UsersController#index as JSON
  [1m[36mUser Load (0.3ms)[0m  [1mSELECT "users".* FROM "users"[0m
[active_model_serializers] Rendered ActiveModel::Serializer::CollectionSerializer with ActiveModelSerializers::Adapter::Attributes (0.36ms)
Completed 200 OK in 2ms (Views: 1.7ms | ActiveRecord: 0.3ms)


Started GET "/users" for 127.0.0.1 at 2016-04-25 16:09:23 +0530
Processing by UsersController#index as JSON
  [1m[35mUser Load (0.4ms)[0m  SELECT "users".* FROM "users"
[active_model_serializers] Rendered ActiveModel::Serializer::CollectionSerializer with ActiveModelSerializers::Adapter::Attributes (0.29ms)
Completed 200 OK in 2ms (Views: 1.5ms | ActiveRecord: 0.4ms)


Started GET "/users" for 127.0.0.1 at 2016-04-25 16:09:41 +0530
Processing by UsersController#index as JSON
  [1m[36mUser Load (0.3ms)[0m  [1mSELECT "users".* FROM "users"[0m
[active_model_serializers] Rendered ActiveModel::Serializer::CollectionSerializer with ActiveModelSerializers::Adapter::Attributes (0.24ms)
Completed 200 OK in 2ms (Views: 1.1ms | ActiveRecord: 0.3ms)


Started GET "/users" for 127.0.0.1 at 2016-04-25 16:10:46 +0530
Processing by UsersController#index as JSON
  [1m[35mUser Load (0.3ms)[0m  SELECT "users".* FROM "users"
[active_model_serializers] Rendered ActiveModel::Serializer::CollectionSerializer with ActiveModelSerializers::Adapter::Attributes (0.24ms)
Completed 200 OK in 2ms (Views: 1.1ms | ActiveRecord: 0.3ms)


Started GET "/users" for 127.0.0.1 at 2016-04-25 16:12:33 +0530
Processing by UsersController#index as JSON
  [1m[36mUser Load (0.4ms)[0m  [1mSELECT "users".* FROM "users"[0m
[active_model_serializers] Rendered ActiveModel::Serializer::CollectionSerializer with ActiveModelSerializers::Adapter::Attributes (0.29ms)
Completed 200 OK in 2ms (Views: 1.4ms | ActiveRecord: 0.4ms)


Started GET "/users" for 127.0.0.1 at 2016-04-25 16:12:46 +0530
Processing by UsersController#index as JSON
  [1m[35mUser Load (0.3ms)[0m  SELECT "users".* FROM "users"
[active_model_serializers] Rendered ActiveModel::Serializer::CollectionSerializer with ActiveModelSerializers::Adapter::Attributes (0.23ms)
Completed 200 OK in 2ms (Views: 1.0ms | ActiveRecord: 0.3ms)


Started GET "/users" for 127.0.0.1 at 2016-04-25 16:13:12 +0530
Processing by UsersController#index as JSON
  [1m[36mUser Load (0.4ms)[0m  [1mSELECT "users".* FROM "users"[0m
[active_model_serializers] Rendered ActiveModel::Serializer::CollectionSerializer with ActiveModelSerializers::Adapter::Attributes (0.45ms)
Completed 200 OK in 2ms (Views: 1.8ms | ActiveRecord: 0.4ms)


Started GET "/users" for 127.0.0.1 at 2016-04-25 16:13:25 +0530
Processing by UsersController#index as JSON
  [1m[35mUser Load (0.3ms)[0m  SELECT "users".* FROM "users"
[active_model_serializers] Rendered ActiveModel::Serializer::CollectionSerializer with ActiveModelSerializers::Adapter::Attributes (0.23ms)
Completed 200 OK in 2ms (Views: 1.2ms | ActiveRecord: 0.3ms)


Started GET "/users" for 127.0.0.1 at 2016-04-25 16:14:13 +0530
Processing by UsersController#index as JSON
  [1m[36mUser Load (0.4ms)[0m  [1mSELECT "users".* FROM "users"[0m
[active_model_serializers] Rendered ActiveModel::Serializer::CollectionSerializer with ActiveModelSerializers::Adapter::Attributes (0.48ms)
Completed 200 OK in 3ms (Views: 1.9ms | ActiveRecord: 0.4ms)


Started GET "/users" for 127.0.0.1 at 2016-04-25 16:14:24 +0530
Processing by UsersController#index as JSON
  [1m[35mUser Load (0.3ms)[0m  SELECT "users".* FROM "users"
[active_model_serializers] Rendered ActiveModel::Serializer::CollectionSerializer with ActiveModelSerializers::Adapter::Attributes (0.24ms)
Completed 200 OK in 1ms (Views: 1.0ms | ActiveRecord: 0.3ms)


Started GET "/users" for 127.0.0.1 at 2016-04-25 16:14:42 +0530
Processing by UsersController#index as JSON
  [1m[36mUser Load (0.3ms)[0m  [1mSELECT "users".* FROM "users"[0m
[active_model_serializers] Rendered ActiveModel::Serializer::CollectionSerializer with ActiveModelSerializers::Adapter::Attributes (0.24ms)
Completed 200 OK in 2ms (Views: 1.1ms | ActiveRecord: 0.3ms)


Started GET "/users" for 127.0.0.1 at 2016-04-25 16:19:34 +0530
Processing by UsersController#index as JSON
  [1m[35mUser Load (0.4ms)[0m  SELECT "users".* FROM "users"
[active_model_serializers] Rendered ActiveModel::Serializer::CollectionSerializer with ActiveModelSerializers::Adapter::Attributes (0.45ms)
Completed 200 OK in 2ms (Views: 1.8ms | ActiveRecord: 0.4ms)


Started GET "/users" for 127.0.0.1 at 2016-04-25 16:19:41 +0530
Processing by UsersController#index as JSON
  [1m[36mUser Load (0.4ms)[0m  [1mSELECT "users".* FROM "users"[0m
[active_model_serializers] Rendered ActiveModel::Serializer::CollectionSerializer with ActiveModelSerializers::Adapter::Attributes (0.26ms)
Completed 200 OK in 2ms (Views: 1.3ms | ActiveRecord: 0.4ms)


Started GET "/users" for 127.0.0.1 at 2016-04-25 16:20:01 +0530
Processing by UsersController#index as JSON
  [1m[35mUser Load (0.4ms)[0m  SELECT "users".* FROM "users"
[active_model_serializers] Rendered ActiveModel::Serializer::CollectionSerializer with ActiveModelSerializers::Adapter::Attributes (0.38ms)
Completed 200 OK in 2ms (Views: 1.7ms | ActiveRecord: 0.4ms)


Started GET "/users" for 127.0.0.1 at 2016-04-25 16:20:12 +0530
Processing by UsersController#index as JSON
  [1m[36mUser Load (0.4ms)[0m  [1mSELECT "users".* FROM "users"[0m
[active_model_serializers] Rendered ActiveModel::Serializer::CollectionSerializer with ActiveModelSerializers::Adapter::Attributes (0.22ms)
Completed 200 OK in 2ms (Views: 1.2ms | ActiveRecord: 0.4ms)


Started GET "/users" for 127.0.0.1 at 2016-04-25 16:20:30 +0530
Processing by UsersController#index as JSON
  [1m[35mUser Load (0.4ms)[0m  SELECT "users".* FROM "users"
[active_model_serializers] Rendered ActiveModel::Serializer::CollectionSerializer with ActiveModelSerializers::Adapter::Attributes (0.4ms)
Completed 200 OK in 2ms (Views: 1.6ms | ActiveRecord: 0.4ms)


Started GET "/users" for 127.0.0.1 at 2016-04-25 16:20:41 +0530
Processing by UsersController#index as JSON
  [1m[36mUser Load (0.3ms)[0m  [1mSELECT "users".* FROM "users"[0m
[active_model_serializers] Rendered ActiveModel::Serializer::CollectionSerializer with ActiveModelSerializers::Adapter::Attributes (0.21ms)
Completed 200 OK in 2ms (Views: 1.1ms | ActiveRecord: 0.3ms)


Started GET "/users" for 127.0.0.1 at 2016-04-25 16:21:00 +0530
Processing by UsersController#index as JSON
  [1m[35mUser Load (0.3ms)[0m  SELECT "users".* FROM "users"
[active_model_serializers] Rendered ActiveModel::Serializer::CollectionSerializer with ActiveModelSerializers::Adapter::Attributes (0.29ms)
Completed 200 OK in 2ms (Views: 1.3ms | ActiveRecord: 0.3ms)


Started GET "/users" for 127.0.0.1 at 2016-04-25 16:21:13 +0530
Processing by UsersController#index as JSON
  [1m[36mUser Load (0.3ms)[0m  [1mSELECT "users".* FROM "users"[0m
[active_model_serializers] Rendered ActiveModel::Serializer::CollectionSerializer with ActiveModelSerializers::Adapter::Attributes (0.22ms)
Completed 200 OK in 2ms (Views: 1.1ms | ActiveRecord: 0.3ms)


Started GET "/users" for 127.0.0.1 at 2016-04-25 16:22:05 +0530
Processing by UsersController#index as JSON
  [1m[35mUser Load (0.3ms)[0m  SELECT "users".* FROM "users"
[active_model_serializers] Rendered ActiveModel::Serializer::CollectionSerializer with ActiveModelSerializers::Adapter::Attributes (0.32ms)
Completed 200 OK in 2ms (Views: 1.3ms | ActiveRecord: 0.3ms)


Started POST "/users" for 127.0.0.1 at 2016-04-25 16:22:16 +0530
Processing by UsersController#create as */*
Completed 400 Bad Request in 0ms

ActionController::ParameterMissing (param is missing or the value is empty: user):
  app/controllers/users_controller.rb:57:in `user_params'
  app/controllers/users_controller.rb:21:in `create'


  Rendered /home/exalogic/.rvm/gems/ruby-2.1.2/gems/actionpack-4.2.0/lib/action_dispatch/middleware/templates/rescues/_source.erb (2.9ms)
  Rendered /home/exalogic/.rvm/gems/ruby-2.1.2/gems/actionpack-4.2.0/lib/action_dispatch/middleware/templates/rescues/_trace.text.erb (0.5ms)
  Rendered /home/exalogic/.rvm/gems/ruby-2.1.2/gems/actionpack-4.2.0/lib/action_dispatch/middleware/templates/rescues/_request_and_response.text.erb (0.7ms)
  Rendered /home/exalogic/.rvm/gems/ruby-2.1.2/gems/actionpack-4.2.0/lib/action_dispatch/middleware/templates/rescues/diagnostics.text.erb (17.5ms)


Started GET "/users" for 127.0.0.1 at 2016-04-25 16:23:50 +0530
Processing by UsersController#index as JSON
  [1m[36mUser Load (0.4ms)[0m  [1mSELECT "users".* FROM "users"[0m
[active_model_serializers] Rendered ActiveModel::Serializer::CollectionSerializer with ActiveModelSerializers::Adapter::Attributes (0.31ms)
Completed 200 OK in 2ms (Views: 1.4ms | ActiveRecord: 0.4ms)


Started POST "/users" for 127.0.0.1 at 2016-04-25 16:24:13 +0530
Processing by UsersController#create as */*
  Parameters: {"email"=>"ykcir.deep@gmail.com", "password"=>"[FILTERED]"}
Completed 400 Bad Request in 0ms

ActionController::ParameterMissing (param is missing or the value is empty: user):
  app/controllers/users_controller.rb:57:in `user_params'
  app/controllers/users_controller.rb:21:in `create'


  Rendered /home/exalogic/.rvm/gems/ruby-2.1.2/gems/actionpack-4.2.0/lib/action_dispatch/middleware/templates/rescues/_source.erb (2.7ms)
  Rendered /home/exalogic/.rvm/gems/ruby-2.1.2/gems/actionpack-4.2.0/lib/action_dispatch/middleware/templates/rescues/_trace.text.erb (0.6ms)
  Rendered /home/exalogic/.rvm/gems/ruby-2.1.2/gems/actionpack-4.2.0/lib/action_dispatch/middleware/templates/rescues/_request_and_response.text.erb (0.9ms)
  Rendered /home/exalogic/.rvm/gems/ruby-2.1.2/gems/actionpack-4.2.0/lib/action_dispatch/middleware/templates/rescues/diagnostics.text.erb (12.2ms)


Started POST "/users" for 127.0.0.1 at 2016-04-25 16:25:04 +0530
Processing by UsersController#create as */*
  Parameters: {"email"=>"ykcir.deep@hotmail.com", "password"=>"[FILTERED]"}
Completed 500 Internal Server Error in 2ms

NameError (undefined local variable or method `byebug' for #<UsersController:0x00000003cdb060>):
  app/controllers/users_controller.rb:21:in `create'


  Rendered /home/exalogic/.rvm/gems/ruby-2.1.2/gems/actionpack-4.2.0/lib/action_dispatch/middleware/templates/rescues/_source.erb (2.7ms)
  Rendered /home/exalogic/.rvm/gems/ruby-2.1.2/gems/actionpack-4.2.0/lib/action_dispatch/middleware/templates/rescues/_trace.text.erb (0.5ms)
  Rendered /home/exalogic/.rvm/gems/ruby-2.1.2/gems/actionpack-4.2.0/lib/action_dispatch/middleware/templates/rescues/_request_and_response.text.erb (0.6ms)
  Rendered /home/exalogic/.rvm/gems/ruby-2.1.2/gems/actionpack-4.2.0/lib/action_dispatch/middleware/templates/rescues/diagnostics.text.erb (12.9ms)


Started GET "/users" for 127.0.0.1 at 2016-04-25 16:25:48 +0530
  [1m[36mActiveRecord::SchemaMigration Load (0.4ms)[0m  [1mSELECT "schema_migrations".* FROM "schema_migrations"[0m
Processing by UsersController#index as JSON
  [1m[35mUser Load (0.5ms)[0m  SELECT "users".* FROM "users"
[active_model_serializers] Rendered ActiveModel::Serializer::CollectionSerializer with ActiveModelSerializers::Adapter::Attributes (0.64ms)
Completed 200 OK in 17ms (Views: 11.4ms | ActiveRecord: 2.2ms)


Started POST "/users" for 127.0.0.1 at 2016-04-25 16:25:54 +0530
Processing by UsersController#create as */*
  Parameters: {"email"=>"ykcir.deep@gmail.com", "password"=>"[FILTERED]"}
Completed 400 Bad Request in 152705ms

ActionController::ParameterMissing (param is missing or the value is empty: user):
  app/controllers/users_controller.rb:58:in `user_params'
  app/controllers/users_controller.rb:22:in `create'


  Rendered /home/exalogic/.rvm/gems/ruby-2.1.2/gems/actionpack-4.2.0/lib/action_dispatch/middleware/templates/rescues/_source.erb (3.3ms)
  Rendered /home/exalogic/.rvm/gems/ruby-2.1.2/gems/actionpack-4.2.0/lib/action_dispatch/middleware/templates/rescues/_trace.text.erb (0.6ms)
  Rendered /home/exalogic/.rvm/gems/ruby-2.1.2/gems/actionpack-4.2.0/lib/action_dispatch/middleware/templates/rescues/_request_and_response.text.erb (0.8ms)
  Rendered /home/exalogic/.rvm/gems/ruby-2.1.2/gems/actionpack-4.2.0/lib/action_dispatch/middleware/templates/rescues/diagnostics.text.erb (14.6ms)


Started POST "/users" for 127.0.0.1 at 2016-04-25 16:28:40 +0530
Processing by UsersController#create as */*
  Parameters: {"email"=>"sssss@modern.in", "password"=>"[FILTERED]"}
Completed 500 Internal Server Error in 40167ms

SystemExit (exit):
  app/controllers/users_controller.rb:59:in `user_params'
  app/controllers/users_controller.rb:22:in `create'


  Rendered /home/exalogic/.rvm/gems/ruby-2.1.2/gems/actionpack-4.2.0/lib/action_dispatch/middleware/templates/rescues/_source.erb (100.9ms)
  Rendered /home/exalogic/.rvm/gems/ruby-2.1.2/gems/actionpack-4.2.0/lib/action_dispatch/middleware/templates/rescues/_trace.text.erb (2.6ms)
  Rendered /home/exalogic/.rvm/gems/ruby-2.1.2/gems/actionpack-4.2.0/lib/action_dispatch/middleware/templates/rescues/_request_and_response.text.erb (7.8ms)
  Rendered /home/exalogic/.rvm/gems/ruby-2.1.2/gems/actionpack-4.2.0/lib/action_dispatch/middleware/templates/rescues/diagnostics.text.erb (125.1ms)


Started GET "/users" for 127.0.0.1 at 2016-04-25 16:30:03 +0530
Processing by UsersController#index as JSON
  [1m[36mUser Load (0.6ms)[0m  [1mSELECT "users".* FROM "users"[0m
[active_model_serializers] Rendered ActiveModel::Serializer::CollectionSerializer with ActiveModelSerializers::Adapter::Attributes (3.04ms)
Completed 200 OK in 59ms (Views: 33.9ms | ActiveRecord: 4.2ms)


Started POST "/users" for 127.0.0.1 at 2016-04-25 16:30:12 +0530
Processing by UsersController#create as */*
  Parameters: {"user"=>{"email"=>"ykcir.deep@gmail.com", "password"=>"[FILTERED]"}}
Unpermitted parameter: user
  [1m[35m (0.2ms)[0m  BEGIN
  [1m[36mSQL (17.3ms)[0m  [1mINSERT INTO "users" ("email", "password", "created_at", "updated_at") VALUES ($1, $2, $3, $4) RETURNING "id"[0m  [["email", "ykcir.deep@gmail.com"], ["password", "Deepak007"], ["created_at", "2016-04-25 11:01:03.025842"], ["updated_at", "2016-04-25 11:01:03.025842"]]
  [1m[35m (33.3ms)[0m  COMMIT
[active_model_serializers] Rendered UserSerializer with ActiveModelSerializers::Adapter::Attributes (0.14ms)
Completed 201 Created in 50440ms (Views: 1.3ms | ActiveRecord: 51.2ms)


Started POST "/users" for 127.0.0.1 at 2016-04-25 16:31:24 +0530
Processing by UsersController#create as */*
  Parameters: {"user"=>{"email"=>"sssss@modern.in", "password"=>"[FILTERED]"}}
  [1m[36m (0.4ms)[0m  [1mBEGIN[0m
  [1m[35mSQL (0.4ms)[0m  INSERT INTO "users" ("email", "password", "created_at", "updated_at") VALUES ($1, $2, $3, $4) RETURNING "id"  [["email", "sssss@modern.in"], ["password", "1zNJzd3W"], ["created_at", "2016-04-25 11:01:24.634353"], ["updated_at", "2016-04-25 11:01:24.634353"]]
  [1m[36m (19.7ms)[0m  [1mCOMMIT[0m
[active_model_serializers] Rendered UserSerializer with ActiveModelSerializers::Adapter::Attributes (0.25ms)
Completed 201 Created in 38ms (Views: 2.4ms | ActiveRecord: 23.1ms)


Started POST "/users" for 127.0.0.1 at 2016-04-25 16:31:32 +0530
Processing by UsersController#create as */*
  Parameters: {"user"=>{"email"=>"sssss@modern.in", "password"=>"[FILTERED]"}}
  [1m[35m (0.2ms)[0m  BEGIN
  [1m[36mSQL (0.3ms)[0m  [1mINSERT INTO "users" ("email", "password", "created_at", "updated_at") VALUES ($1, $2, $3, $4) RETURNING "id"[0m  [["email", "sssss@modern.in"], ["password", "1zNJzd3W"], ["created_at", "2016-04-25 11:01:32.366587"], ["updated_at", "2016-04-25 11:01:32.366587"]]
  [1m[35m (22.8ms)[0m  COMMIT
[active_model_serializers] Rendered UserSerializer with ActiveModelSerializers::Adapter::Attributes (0.18ms)
Completed 201 Created in 27ms (Views: 1.1ms | ActiveRecord: 23.3ms)


Started GET "/users" for 127.0.0.1 at 2016-04-25 16:31:52 +0530
Processing by UsersController#index as JSON
  [1m[36mUser Load (0.4ms)[0m  [1mSELECT "users".* FROM "users"[0m
[active_model_serializers] Rendered ActiveModel::Serializer::CollectionSerializer with ActiveModelSerializers::Adapter::Attributes (0.59ms)
Completed 200 OK in 3ms (Views: 2.0ms | ActiveRecord: 0.4ms)


Started POST "/users" for 127.0.0.1 at 2016-04-25 16:32:00 +0530
Processing by UsersController#create as */*
  Parameters: {"user"=>{"email"=>"ykcir.deep@gmail.com", "password"=>"[FILTERED]"}}
  [1m[35m (0.2ms)[0m  BEGIN
  [1m[36mSQL (0.4ms)[0m  [1mINSERT INTO "users" ("email", "password", "created_at", "updated_at") VALUES ($1, $2, $3, $4) RETURNING "id"[0m  [["email", "ykcir.deep@gmail.com"], ["password", "Deepak007"], ["created_at", "2016-04-25 11:02:00.281115"], ["updated_at", "2016-04-25 11:02:00.281115"]]
  [1m[35m (38.4ms)[0m  COMMIT
[active_model_serializers] Rendered UserSerializer with ActiveModelSerializers::Adapter::Attributes (0.15ms)
Completed 201 Created in 43ms (Views: 0.9ms | ActiveRecord: 39.1ms)


Started POST "/users" for 127.0.0.1 at 2016-04-25 16:32:04 +0530
Processing by UsersController#create as */*
  Parameters: {"user"=>{"email"=>"ykcir.deep@hotmail.com", "password"=>"[FILTERED]"}}
  [1m[36m (0.2ms)[0m  [1mBEGIN[0m
  [1m[35mSQL (0.3ms)[0m  INSERT INTO "users" ("email", "password", "created_at", "updated_at") VALUES ($1, $2, $3, $4) RETURNING "id"  [["email", "ykcir.deep@hotmail.com"], ["password", "Deepak007"], ["created_at", "2016-04-25 11:02:04.831170"], ["updated_at", "2016-04-25 11:02:04.831170"]]
  [1m[36m (39.4ms)[0m  [1mCOMMIT[0m
[active_model_serializers] Rendered UserSerializer with ActiveModelSerializers::Adapter::Attributes (0.14ms)
Completed 201 Created in 44ms (Views: 0.9ms | ActiveRecord: 40.0ms)
